<?xml version="1.0" encoding="UTF-8"?>
<!-- Generated by org.testng.reporters.JUnitReportReporter -->
<testsuite hostname="LAPTOP-GULBAHAR" failures="0" tests="1" name="configurationAnnotation.TestCase01" time="0.019" errors="0" timestamp="2024-01-31T18:01:33 IST" skipped="0">
  <testcase classname="configurationAnnotation.TestCase01" name="testcase1" time="0.019">
    <system-out>
      <![CDATA[Test Case1 executed successfully]]>
    </system-out>
  </testcase> <!-- testcase1 -->
  <system-out>
    <![CDATA[Connected to the server succsessfully
Connected to the DataBase succsessfully
Launched the Browser succsessfully
login succsessfully
Test Case1 executed successfully
Logout succsessfully
Closed the Browser succsessfully
Disconnected the DataBase succsessfully
Disconnected the server succsessfully]]>
  </system-out>
</testsuite> <!-- configurationAnnotation.TestCase01 -->
