<?xml version="1.0" encoding="UTF-8"?>
<!-- Generated by org.testng.reporters.JUnitReportReporter -->
<testsuite hostname="LAPTOP-GULBAHAR" failures="0" tests="3" name="pageObjectModel.RegisterAndLoginTestCase" time="3.265" errors="0" timestamp="2024-02-07T14:44:45 IST" skipped="0">
  <testcase classname="pageObjectModel.RegisterAndLoginTestCase" name="register" time="1.498">
    <system-out>
      <![CDATA[Register Link Clicked
Successfully Registered]]>
    </system-out>
  </testcase> <!-- register -->
  <testcase classname="pageObjectModel.RegisterAndLoginTestCase" name="logOut" time="0.629">
    <system-out>
      <![CDATA[Successfully Logged out from DWS]]>
    </system-out>
  </testcase> <!-- logOut -->
  <testcase classname="pageObjectModel.RegisterAndLoginTestCase" name="logIn" time="1.138">
    <system-out>
      <![CDATA[Login Link Clicked
Successfully Logged in to DWS]]>
    </system-out>
  </testcase> <!-- logIn -->
  <system-out>
    <![CDATA[Connected to the server succsessfully
Connected to the DataBase succsessfully
Launched the Browser succsessfully
login succsessfully
Register Link Clicked
Successfully Registered
login succsessfully
Successfully Logged out from DWS
login succsessfully
Login Link Clicked
Successfully Logged in to DWS
Closed the Browser succsessfully
Disconnected the DataBase succsessfully
Disconnected the server succsessfully]]>
  </system-out>
</testsuite> <!-- pageObjectModel.RegisterAndLoginTestCase -->
