<?xml version="1.0" encoding="UTF-8"?>
<!-- Generated by org.testng.reporters.JUnitReportReporter -->
<testsuite hostname="LAPTOP-GULBAHAR" failures="0" tests="1" name="dataDrivenTesting.ToFetchDataFromExcellSheet" time="1.031" errors="0" timestamp="2024-02-05T12:48:59 IST" skipped="0">
  <testcase classname="dataDrivenTesting.ToFetchDataFromExcellSheet" name="testExcell" time="1.031">
    <system-out>
      <![CDATA[Manual
SQL
Selenium
Adv. Selenium]]>
    </system-out>
  </testcase> <!-- testExcell -->
  <system-out>
    <![CDATA[Manual
SQL
Selenium
Adv. Selenium]]>
  </system-out>
</testsuite> <!-- dataDrivenTesting.ToFetchDataFromExcellSheet -->
