<?xml version="1.0" encoding="UTF-8"?>
<!-- Generated by org.testng.reporters.JUnitReportReporter -->
<testsuite hostname="LAPTOP-GULBAHAR" failures="0" tests="1" name="dataDrivenTesting.ToFetchDataFromExcellForRegister" time="3.966" errors="0" timestamp="2024-02-05T12:54:16 IST" skipped="0">
  <testcase classname="dataDrivenTesting.ToFetchDataFromExcellForRegister" name="register" time="3.966"/>
  <system-out>
    <![CDATA[Connected to the server succsessfully
Connected to the DataBase succsessfully
Launched the Browser succsessfully
login succsessfully
Logout succsessfully
Closed the Browser succsessfully
Disconnected the DataBase succsessfully
Disconnected the server succsessfully]]>
  </system-out>
</testsuite> <!-- dataDrivenTesting.ToFetchDataFromExcellForRegister -->
