<?xml version="1.0" encoding="UTF-8"?>
<!-- Generated by org.testng.reporters.JUnitReportReporter -->
<testsuite hostname="LAPTOP-GULBAHAR" failures="0" tests="1" name="pageObjectModel.RegisterPageTestCase" time="1.969" errors="0" timestamp="2024-02-07T12:53:42 IST" skipped="0">
  <testcase classname="pageObjectModel.RegisterPageTestCase" name="testCase" time="1.969">
    <system-out>
      <![CDATA[Register Link Clicked
Successfully Registered]]>
    </system-out>
  </testcase> <!-- testCase -->
  <system-out>
    <![CDATA[Connected to the server succsessfully
Connected to the DataBase succsessfully
Launched the Browser succsessfully
login succsessfully
Register Link Clicked
Successfully Registered
Logout succsessfully
Closed the Browser succsessfully
Disconnected the DataBase succsessfully
Disconnected the server succsessfully]]>
  </system-out>
</testsuite> <!-- pageObjectModel.RegisterPageTestCase -->
