<?xml version="1.0" encoding="UTF-8"?>
<!-- Generated by org.testng.reporters.JUnitReportReporter -->
<testsuite hostname="LAPTOP-GULBAHAR" failures="0" tests="2" name="dataDrivenTesting.AutomateExcellDataUsingDataProvider" time="0.011" errors="0" timestamp="2024-02-05T16:10:43 IST" skipped="0">
  <testcase classname="dataDrivenTesting.AutomateExcellDataUsingDataProvider" name="testcase" time="0.009">
    <system-out>
      <![CDATA[Manual
SQL]]>
    </system-out>
  </testcase> <!-- testcase -->
  <testcase classname="dataDrivenTesting.AutomateExcellDataUsingDataProvider" name="testcase" time="0.002">
    <system-out>
      <![CDATA[Selenium
Adv. Selenium]]>
    </system-out>
  </testcase> <!-- testcase -->
  <system-out>
    <![CDATA[Manual
SQL
Selenium
Adv. Selenium]]>
  </system-out>
</testsuite> <!-- dataDrivenTesting.AutomateExcellDataUsingDataProvider -->
