<?xml version="1.0" encoding="UTF-8"?>
<!-- Generated by org.testng.reporters.JUnitReportReporter -->
<testsuite hostname="LAPTOP-GULBAHAR" failures="0" tests="1" name="pageObjectModel.DigitalDownloadTestCase" time="1.002" errors="0" timestamp="2024-02-07T15:59:01 IST" skipped="0">
  <testcase classname="pageObjectModel.DigitalDownloadTestCase" name="testCase" time="1.002">
    <system-out>
      <![CDATA[book1 added to Cart]]>
    </system-out>
  </testcase> <!-- testCase -->
  <system-out>
    <![CDATA[Connected to the server succsessfully
Connected to the DataBase succsessfully
Launched the Browser succsessfully
login succsessfully
book1 added to Cart
Logout succsessfully
Closed the Browser succsessfully
Disconnected the DataBase succsessfully
Disconnected the server succsessfully]]>
  </system-out>
</testsuite> <!-- pageObjectModel.DigitalDownloadTestCase -->
