<?xml version="1.0" encoding="UTF-8"?>
<!-- Generated by org.testng.reporters.JUnitReportReporter -->
<testsuite hostname="LAPTOP-GULBAHAR" failures="0" tests="1" name="batchExecution.ToLaunchBmw" time="7.731" errors="0" timestamp="2024-01-31T16:32:46 IST" skipped="0">
  <testcase classname="batchExecution.ToLaunchBmw" name="bmw" time="7.731">
    <system-out>
      <![CDATA[BMW Launched successfully]]>
    </system-out>
  </testcase> <!-- bmw -->
  <system-out>
    <![CDATA[BMW Launched successfully
Yamaha Launched successfully
Hero Launched successfully
KTM Launched successfully
Royal Enfield Launched successfully]]>
  </system-out>
</testsuite> <!-- batchExecution.ToLaunchBmw -->
