<?xml version="1.0" encoding="UTF-8"?>
<!-- Generated by org.testng.reporters.JUnitReportReporter -->
<testsuite hostname="LAPTOP-GULBAHAR" failures="0" tests="2" name="dataDrivenTesting.LoginUsingDataProvider" time="150.951" errors="0" timestamp="2024-02-05T16:52:47 IST" skipped="0">
  <testcase classname="dataDrivenTesting.LoginUsingDataProvider" name="logIn" time="5.335"/>
  <testcase classname="dataDrivenTesting.LoginUsingDataProvider" name="logIn" time="145.616"/>
  <system-out>
    <![CDATA[Connected to the server succsessfully
Connected to the DataBase succsessfully
Launched the Browser succsessfully
login succsessfully
Logout succsessfully
login succsessfully
Logout succsessfully
Closed the Browser succsessfully
Disconnected the DataBase succsessfully
Disconnected the server succsessfully]]>
  </system-out>
</testsuite> <!-- dataDrivenTesting.LoginUsingDataProvider -->
