<?xml version="1.0" encoding="UTF-8"?>
<!-- Generated by org.testng.reporters.JUnitReportReporter -->
<testsuite hostname="LAPTOP-GULBAHAR" failures="0" tests="1" name="pageObjectModel.WelcomePageTestCase" time="2.384" errors="0" timestamp="2024-02-07T14:25:51 IST" skipped="0">
  <testcase classname="pageObjectModel.WelcomePageTestCase" name="testCase" time="2.384">
    <system-out>
      <![CDATA[Register Link Clicked
Login Link Clicked
Shopping Cart Link Clicked
Wishlist Link Clicked
Search Bar]]>
    </system-out>
  </testcase> <!-- testCase -->
  <system-out>
    <![CDATA[Connected to the server succsessfully
Connected to the DataBase succsessfully
Launched the Browser succsessfully
login succsessfully
Register Link Clicked
Login Link Clicked
Shopping Cart Link Clicked
Wishlist Link Clicked
Search Bar
Logout succsessfully
Closed the Browser succsessfully
Disconnected the DataBase succsessfully
Disconnected the server succsessfully]]>
  </system-out>
</testsuite> <!-- pageObjectModel.WelcomePageTestCase -->
