<?xml version="1.0" encoding="UTF-8"?>
<!-- Generated by org.testng.reporters.JUnitReportReporter -->
<testsuite hostname="LAPTOP-GULBAHAR" failures="0" tests="2" name="Day1.ToUseEnableAttribute" time="7.594" errors="0" timestamp="2024-01-31T14:57:35 IST" skipped="1">
  <testcase classname="Day1.ToUseEnableAttribute" name="testcase2" time="7.594">
    <system-out>
      <![CDATA[Instagram is launched succsessfully]]>
    </system-out>
  </testcase> <!-- testcase2 -->
  <testcase classname="Day1.ToUseEnableAttribute" name="testcase1">
    <skipped/>
  </testcase> <!-- testcase1 -->
  <system-out>
    <![CDATA[Instagram is launched succsessfully]]>
  </system-out>
</testsuite> <!-- Day1.ToUseEnableAttribute -->
