<?xml version="1.0" encoding="UTF-8"?>
<!-- Generated by org.testng.reporters.JUnitReportReporter -->
<testsuite hostname="LAPTOP-GULBAHAR" failures="0" tests="1" name="batchExecution.ToLaunchHero" time="66.268" errors="0" timestamp="2024-01-31T16:39:45 IST" skipped="0">
  <testcase classname="batchExecution.ToLaunchHero" name="hero" time="66.268">
    <system-out>
      <![CDATA[Hero Launched successfully]]>
    </system-out>
  </testcase> <!-- hero -->
  <system-out>
    <![CDATA[Yamaha Launched successfully
KTM Launched successfully
Bajaj Launched successfully
Hero Launched successfully
Honda Launched successfully]]>
  </system-out>
</testsuite> <!-- batchExecution.ToLaunchHero -->
