<?xml version="1.0" encoding="UTF-8"?>
<!-- Generated by org.testng.reporters.JUnitReportReporter -->
<testsuite hostname="LAPTOP-GULBAHAR" failures="0" tests="1" name="batchExecution.ToLaunchBajaj" time="41.675" errors="0" timestamp="2024-01-31T16:39:45 IST" skipped="0">
  <testcase classname="batchExecution.ToLaunchBajaj" name="bajaj" time="41.675">
    <system-out>
      <![CDATA[Bajaj Launched successfully]]>
    </system-out>
  </testcase> <!-- bajaj -->
  <system-out>
    <![CDATA[Yamaha Launched successfully
KTM Launched successfully
Bajaj Launched successfully
Hero Launched successfully
Honda Launched successfully]]>
  </system-out>
</testsuite> <!-- batchExecution.ToLaunchBajaj -->
