<?xml version="1.0" encoding="UTF-8"?>
<!-- Generated by org.testng.reporters.JUnitReportReporter -->
<testsuite hostname="LAPTOP-GULBAHAR" failures="0" tests="3" name="Day1.ToUseDependsOnMethodsAttribute" time="15.491" errors="0" timestamp="2024-01-31T15:57:44 IST" skipped="0">
  <testcase classname="Day1.ToUseDependsOnMethodsAttribute" name="logOut" time="1.589"/>
  <testcase classname="Day1.ToUseDependsOnMethodsAttribute" name="register" time="11.371"/>
  <testcase classname="Day1.ToUseDependsOnMethodsAttribute" name="logIn" time="2.531"/>
</testsuite> <!-- Day1.ToUseDependsOnMethodsAttribute -->
