<?xml version="1.0" encoding="UTF-8"?>
<!-- Generated by org.testng.reporters.JUnitReportReporter -->
<testsuite hostname="LAPTOP-GULBAHAR" failures="0" tests="3" name="pageObjectModel.RegisterLoginAndLogOutTestCase" time="4.385" errors="0" timestamp="2024-02-07T14:47:41 IST" skipped="0">
  <testcase classname="pageObjectModel.RegisterLoginAndLogOutTestCase" name="register" time="1.685">
    <system-out>
      <![CDATA[Successfully Registered]]>
    </system-out>
  </testcase> <!-- register -->
  <testcase classname="pageObjectModel.RegisterLoginAndLogOutTestCase" name="logOut" time="1.307">
    <system-out>
      <![CDATA[Successfully Logged out from DWS]]>
    </system-out>
  </testcase> <!-- logOut -->
  <testcase classname="pageObjectModel.RegisterLoginAndLogOutTestCase" name="logIn" time="1.393">
    <system-out>
      <![CDATA[Successfully Logged in to DWS]]>
    </system-out>
  </testcase> <!-- logIn -->
  <system-out>
    <![CDATA[Connected to the server succsessfully
Connected to the DataBase succsessfully
Launched the Browser succsessfully
login succsessfully
Successfully Registered
login succsessfully
Successfully Logged out from DWS
login succsessfully
Successfully Logged in to DWS
Closed the Browser succsessfully
Disconnected the DataBase succsessfully
Disconnected the server succsessfully]]>
  </system-out>
</testsuite> <!-- pageObjectModel.RegisterLoginAndLogOutTestCase -->
