<?xml version="1.0" encoding="UTF-8"?>
<!-- Generated by org.testng.reporters.JUnitReportReporter -->
<testsuite hostname="LAPTOP-GULBAHAR" failures="0" tests="1" name="pageObjectModel.LoginPageTestCase" time="4.089" errors="0" timestamp="2024-02-08T11:38:15 IST" skipped="0">
  <testcase classname="pageObjectModel.LoginPageTestCase" name="testCase" time="4.089">
    <system-out>
      <![CDATA[Login Link Clicked
Successfully Logged in to DWS
Successfully Logged out from DWS]]>
    </system-out>
  </testcase> <!-- testCase -->
  <system-out>
    <![CDATA[Connected to the server succsessfully
Connected to the DataBase succsessfully
Launched the Browser succsessfully
login succsessfully
Login Link Clicked
Successfully Logged in to DWS
Successfully Logged out from DWS
Logout succsessfully
Closed the Browser succsessfully
Disconnected the DataBase succsessfully
Disconnected the server succsessfully]]>
  </system-out>
</testsuite> <!-- pageObjectModel.LoginPageTestCase -->
