<?xml version="1.0" encoding="UTF-8"?>
<!-- Generated by org.testng.reporters.JUnitReportReporter -->
<testsuite hostname="LAPTOP-GULBAHAR" failures="0" tests="1" name="dataDrivenTesting.ToReadDataFromProperty" time="8.187" errors="0" timestamp="2024-02-05T17:37:53 IST" skipped="0">
  <testcase classname="dataDrivenTesting.ToReadDataFromProperty" name="testcase" time="8.187"/>
</testsuite> <!-- dataDrivenTesting.ToReadDataFromProperty -->
