<?xml version="1.0" encoding="UTF-8"?>
<!-- Generated by org.testng.reporters.JUnitReportReporter -->
<testsuite hostname="LAPTOP-GULBAHAR" failures="0" tests="1" name="dataDrivenTesting.ExcellTest" time="1.150" errors="0" timestamp="2024-02-05T15:19:26 IST" skipped="0">
  <testcase classname="dataDrivenTesting.ExcellTest" name="fetch" time="1.150">
    <system-out>
      <![CDATA[Ruhi
Sultana]]>
    </system-out>
  </testcase> <!-- fetch -->
  <system-out>
    <![CDATA[Ruhi
Sultana]]>
  </system-out>
</testsuite> <!-- dataDrivenTesting.ExcellTest -->
