<?xml version="1.0" encoding="UTF-8"?>
<!-- Generated by org.testng.reporters.JUnitReportReporter -->
<testsuite hostname="LAPTOP-GULBAHAR" failures="0" tests="1" name="batchExecution.ToLaunchYamaha" time="36.281" errors="0" timestamp="2024-01-31T16:39:45 IST" skipped="0">
  <testcase classname="batchExecution.ToLaunchYamaha" name="yamaha" time="36.281">
    <system-out>
      <![CDATA[Yamaha Launched successfully]]>
    </system-out>
  </testcase> <!-- yamaha -->
  <system-out>
    <![CDATA[Yamaha Launched successfully
KTM Launched successfully
Bajaj Launched successfully
Hero Launched successfully
Honda Launched successfully]]>
  </system-out>
</testsuite> <!-- batchExecution.ToLaunchYamaha -->
