<?xml version="1.0" encoding="UTF-8"?>
<!-- Generated by org.testng.reporters.JUnitReportReporter -->
<testsuite hostname="LAPTOP-GULBAHAR" failures="0" tests="1" name="dataDrivenTesting.ToFetchDataFromExcellForLogin" time="4.057" errors="0" timestamp="2024-02-05T12:55:12 IST" skipped="0">
  <testcase classname="dataDrivenTesting.ToFetchDataFromExcellForLogin" name="logIn" time="4.057"/>
  <system-out>
    <![CDATA[Connected to the server succsessfully
Connected to the DataBase succsessfully
Launched the Browser succsessfully
login succsessfully
Logout succsessfully
Closed the Browser succsessfully
Disconnected the DataBase succsessfully
Disconnected the server succsessfully]]>
  </system-out>
</testsuite> <!-- dataDrivenTesting.ToFetchDataFromExcellForLogin -->
