<?xml version="1.0" encoding="UTF-8"?>
<!-- Generated by org.testng.reporters.JUnitReportReporter -->
<testsuite hostname="LAPTOP-GULBAHAR" failures="0" tests="1" name="batchExecution.ToLaunchHonda" time="69.242" errors="0" timestamp="2024-01-31T16:39:45 IST" skipped="0">
  <testcase classname="batchExecution.ToLaunchHonda" name="honda" time="69.242">
    <system-out>
      <![CDATA[Honda Launched successfully]]>
    </system-out>
  </testcase> <!-- honda -->
  <system-out>
    <![CDATA[Yamaha Launched successfully
KTM Launched successfully
Bajaj Launched successfully
Hero Launched successfully
Honda Launched successfully]]>
  </system-out>
</testsuite> <!-- batchExecution.ToLaunchHonda -->
