<?xml version="1.0" encoding="UTF-8"?>
<!-- Generated by org.testng.reporters.JUnitReportReporter -->
<testsuite hostname="LAPTOP-GULBAHAR" failures="0" tests="1" name="assertion.ToUseAssertTrueMethod" time="9.496" errors="0" timestamp="2024-02-02T14:20:49 IST" skipped="0">
  <testcase classname="assertion.ToUseAssertTrueMethod" name="validation" time="9.496">
    <system-out>
      <![CDATA[Navigated to the desired WebPage
login link is displayed
Email text field is displayed
Password text field is displayed
login button is displayed
TestCase Passed]]>
    </system-out>
  </testcase> <!-- validation -->
  <system-out>
    <![CDATA[Navigated to the desired WebPage
login link is displayed
Email text field is displayed
Password text field is displayed
login button is displayed
TestCase Passed]]>
  </system-out>
</testsuite> <!-- assertion.ToUseAssertTrueMethod -->
