<?xml version="1.0" encoding="UTF-8"?>
<!-- Generated by org.testng.reporters.JUnitReportReporter -->
<testsuite hostname="LAPTOP-GULBAHAR" failures="0" tests="1" name="assertion.ToUseAssertNotEqualsMedhod" time="9.615" errors="0" timestamp="2024-02-01T16:24:59 IST" skipped="0">
  <testcase classname="assertion.ToUseAssertNotEqualsMedhod" name="register" time="9.615">
    <system-out>
      <![CDATA[TC Passed]]>
    </system-out>
  </testcase> <!-- register -->
  <system-out>
    <![CDATA[TC Passed]]>
  </system-out>
</testsuite> <!-- assertion.ToUseAssertNotEqualsMedhod -->
