<?xml version="1.0" encoding="UTF-8"?>
<!-- Generated by org.testng.reporters.JUnitReportReporter -->
<testsuite hostname="LAPTOP-GULBAHAR" failures="0" tests="1" name="configurationAnnotation.Program1" time="0.007" errors="0" timestamp="2024-01-31T17:54:02 IST" skipped="0">
  <testcase classname="configurationAnnotation.Program1" name="testCase001" time="0.007">
    <system-out>
      <![CDATA[Testcase Exected successfully]]>
    </system-out>
  </testcase> <!-- testCase001 -->
  <system-out>
    <![CDATA[Connected to the server succsessfully
Connected to the DataBase succsessfully
Launched the Browser succsessfully
login succsessfully
Testcase Exected successfully
Logout succsessfully
Closed the Browser succsessfully
Disconnected the DataBase succsessfully
Disconnected the server succsessfully]]>
  </system-out>
</testsuite> <!-- configurationAnnotation.Program1 -->
