<?xml version="1.0" encoding="UTF-8"?>
<!-- Generated by org.testng.reporters.JUnitReportReporter -->
<testsuite hostname="LAPTOP-GULBAHAR" failures="0" tests="6" name="pageObjectModel.AllTestCase" time="12.070" errors="0" timestamp="2024-02-07T17:28:29 IST" skipped="0">
  <testcase classname="pageObjectModel.AllTestCase" name="register" time="2.775">
    <system-out>
      <![CDATA[Successfully Registered]]>
    </system-out>
  </testcase> <!-- register -->
  <testcase classname="pageObjectModel.AllTestCase" name="logOut" time="1.474">
    <system-out>
      <![CDATA[Successfully Logged out from DWS]]>
    </system-out>
  </testcase> <!-- logOut -->
  <testcase classname="pageObjectModel.AllTestCase" name="logIn" time="2.009">
    <system-out>
      <![CDATA[Successfully Logged in to DWS]]>
    </system-out>
  </testcase> <!-- logIn -->
  <testcase classname="pageObjectModel.AllTestCase" name="addtoCard" time="1.259">
    <system-out>
      <![CDATA[book1 added to Cart]]>
    </system-out>
  </testcase> <!-- addtoCard -->
  <testcase classname="pageObjectModel.AllTestCase" name="checkCart" time="2.901">
    <system-out>
      <![CDATA[Added to Cart]]>
    </system-out>
  </testcase> <!-- checkCart -->
  <testcase classname="pageObjectModel.AllTestCase" name="checkOut" time="1.652">
    <system-out>
      <![CDATA[Checked out successfully]]>
    </system-out>
  </testcase> <!-- checkOut -->
  <system-out>
    <![CDATA[Connected to the server succsessfully
Connected to the DataBase succsessfully
Launched the Browser succsessfully
login succsessfully
Successfully Registered
login succsessfully
Successfully Logged out from DWS
login succsessfully
Successfully Logged in to DWS
login succsessfully
book1 added to Cart
login succsessfully
Added to Cart
login succsessfully
Checked out successfully
Closed the Browser succsessfully
Disconnected the DataBase succsessfully
Disconnected the server succsessfully]]>
  </system-out>
</testsuite> <!-- pageObjectModel.AllTestCase -->
