<?xml version="1.0" encoding="UTF-8"?>
<!-- Generated by org.testng.reporters.JUnitReportReporter -->
<testsuite hostname="LAPTOP-GULBAHAR" failures="0" tests="2" name="Day1.ToUseAttributePriority" time="12.414" errors="0" timestamp="2024-01-31T14:34:39 IST" skipped="0">
  <testcase classname="Day1.ToUseAttributePriority" name="testcase2" time="8.160">
    <system-out>
      <![CDATA[Instagram is launched succsessfully]]>
    </system-out>
  </testcase> <!-- testcase2 -->
  <testcase classname="Day1.ToUseAttributePriority" name="testcase1" time="4.254">
    <system-out>
      <![CDATA[Demoshop is launched succsessfully]]>
    </system-out>
  </testcase> <!-- testcase1 -->
  <system-out>
    <![CDATA[Instagram is launched succsessfully
Demoshop is launched succsessfully]]>
  </system-out>
</testsuite> <!-- Day1.ToUseAttributePriority -->
