<?xml version="1.0" encoding="UTF-8"?>
<!-- Generated by org.testng.reporters.JUnitReportReporter -->
<testsuite hostname="LAPTOP-GULBAHAR" failures="0" tests="1" name="batchExecution.ToLaunchRoyalEnfield" time="64.675" errors="0" timestamp="2024-01-31T16:32:46 IST" skipped="0">
  <testcase classname="batchExecution.ToLaunchRoyalEnfield" name="enfield" time="64.675">
    <system-out>
      <![CDATA[Royal Enfield Launched successfully]]>
    </system-out>
  </testcase> <!-- enfield -->
  <system-out>
    <![CDATA[BMW Launched successfully
Yamaha Launched successfully
Hero Launched successfully
KTM Launched successfully
Royal Enfield Launched successfully]]>
  </system-out>
</testsuite> <!-- batchExecution.ToLaunchRoyalEnfield -->
