<?xml version="1.0" encoding="UTF-8"?>
<!-- Generated by org.testng.reporters.JUnitReportReporter -->
<testsuite hostname="LAPTOP-GULBAHAR" failures="0" tests="4" name="Day1.ToUseInvocationCountAttribute" time="26.418" errors="0" timestamp="2024-01-31T14:54:30 IST" skipped="0">
  <testcase classname="Day1.ToUseInvocationCountAttribute" name="testcase2" time="8.550">
    <system-out>
      <![CDATA[Instagram is launched succsessfully]]>
    </system-out>
  </testcase> <!-- testcase2 -->
  <testcase classname="Day1.ToUseInvocationCountAttribute" name="testcase1" time="6.454">
    <system-out>
      <![CDATA[Demoshop is launched succsessfully]]>
    </system-out>
  </testcase> <!-- testcase1 -->
  <testcase classname="Day1.ToUseInvocationCountAttribute" name="testcase1" time="5.557">
    <system-out>
      <![CDATA[Demoshop is launched succsessfully]]>
    </system-out>
  </testcase> <!-- testcase1 -->
  <testcase classname="Day1.ToUseInvocationCountAttribute" name="testcase1" time="5.857">
    <system-out>
      <![CDATA[Demoshop is launched succsessfully]]>
    </system-out>
  </testcase> <!-- testcase1 -->
  <system-out>
    <![CDATA[Instagram is launched succsessfully
Demoshop is launched succsessfully
Demoshop is launched succsessfully
Demoshop is launched succsessfully]]>
  </system-out>
</testsuite> <!-- Day1.ToUseInvocationCountAttribute -->
